2024-04-05 12:00:00.513  INFO main sc_cli::runner: Subtensor Node    
2024-04-05 12:00:00.513  INFO main sc_cli::runner: ✌️  version 4.0.0-dev-5ac88dc5770    
2024-04-05 12:00:00.513  INFO main sc_cli::runner: ❤️  by Substrate DevHub <https://github.com/substrate-developer-hub>, 2017-2024    
2024-04-05 12:00:00.513  INFO main sc_cli::runner: 📋 Chain specification: Bittensor    
2024-04-05 12:00:00.513  INFO main sc_cli::runner: 🏷  Node name: Bob    
2024-04-05 12:00:00.513  INFO main sc_cli::runner: 👤 Role: AUTHORITY    
2024-04-05 12:00:00.513  INFO main sc_cli::runner: 💾 Database: RocksDb at /tmp/bob/chains/bittensor/db/full    
2024-04-05 12:00:00.513  INFO main sc_cli::runner: ⛓  Native runtime: node-subtensor-181 (node-subtensor-1.tx1.au1)    
2024-04-05 12:00:01.061  INFO main sc_service::client::client: 🔨 Initializing Genesis block/state (state: 0x33db…0918, header-hash: 0xc860…f9d1)    
2024-04-05 12:00:01.063  INFO main grandpa: 👴 Loading GRANDPA authority set from genesis on what appears to be first startup.    
2024-04-05 12:00:01.347  INFO main sub-libp2p: 🏷  Local node identity is: 12D3KooWFa4RPdV7rXdmw5Bwtj3BtzfYhW2Js1QcTtQ1ttKLpRqq    
2024-04-05 12:00:01.363  INFO main sc_sysinfo: 💻 Operating system: linux    
2024-04-05 12:00:01.363  INFO main sc_sysinfo: 💻 CPU architecture: x86_64    
2024-04-05 12:00:01.363  INFO main sc_sysinfo: 💻 Target environment: gnu    
2024-04-05 12:00:01.363  INFO main sc_sysinfo: 💻 CPU: AMD EPYC 7313 16-Core Processor    
2024-04-05 12:00:01.363  INFO main sc_sysinfo: 💻 CPU cores: 32    
2024-04-05 12:00:01.363  INFO main sc_sysinfo: 💻 Memory: 257754MB    
2024-04-05 12:00:01.363  INFO main sc_sysinfo: 💻 Kernel: 5.4.0-125-generic    
2024-04-05 12:00:01.363  INFO main sc_sysinfo: 💻 Linux distribution: Ubuntu 20.04.6 LTS    
2024-04-05 12:00:01.363  INFO main sc_sysinfo: 💻 Virtual machine: no    
2024-04-05 12:00:01.363  INFO main sc_service::builder: 📦 Highest known block at #0    
2024-04-05 12:00:01.363  INFO tokio-runtime-worker substrate_prometheus_endpoint: 〽️ Prometheus exporter started at 127.0.0.1:9615    
2024-04-05 12:00:01.363  INFO                 main sc_rpc_server: Running JSON-RPC HTTP server: addr=127.0.0.1:9935, allowed origins=["http://localhost:*", "http://127.0.0.1:*", "https://localhost:*", "https://127.0.0.1:*", "https://polkadot.js.org"]    
2024-04-05 12:00:01.363  INFO                 main sc_rpc_server: Running JSON-RPC WS server: addr=127.0.0.1:9947, allowed origins=["http://localhost:*", "http://127.0.0.1:*", "https://localhost:*", "https://127.0.0.1:*", "https://polkadot.js.org"]    
2024-04-05 12:00:01.369  INFO tokio-runtime-worker libp2p_mdns::behaviour: discovered: 12D3KooWHKRMiW29ci27mw67bWVKCt6wE9dGN6oByda2dEwG5zMZ /ip4/172.21.0.1/tcp/30334    
2024-04-05 12:00:01.369  INFO tokio-runtime-worker libp2p_mdns::behaviour: discovered: 12D3KooWHKRMiW29ci27mw67bWVKCt6wE9dGN6oByda2dEwG5zMZ /ip4/172.17.0.1/tcp/30334    
2024-04-05 12:00:01.369  INFO tokio-runtime-worker libp2p_mdns::behaviour: discovered: 12D3KooWHKRMiW29ci27mw67bWVKCt6wE9dGN6oByda2dEwG5zMZ /ip4/104.171.201.172/tcp/30334    
2024-04-05 12:00:01.875  INFO tokio-runtime-worker sub-libp2p: 🔍 Discovered new external address for our node: /ip4/104.171.201.172/tcp/30335/p2p/12D3KooWFa4RPdV7rXdmw5Bwtj3BtzfYhW2Js1QcTtQ1ttKLpRqq    
2024-04-05 12:00:06.364  INFO tokio-runtime-worker substrate: 💤 Idle (1 peers), best: #0 (0xc860…f9d1), finalized #0 (0xc860…f9d1), ⬇ 2.0kiB/s ⬆ 2.0kiB/s    
2024-04-05 12:00:11.364  INFO tokio-runtime-worker substrate: 💤 Idle (1 peers), best: #0 (0xc860…f9d1), finalized #0 (0xc860…f9d1), ⬇ 0.6kiB/s ⬆ 0.6kiB/s    
2024-04-05 12:00:12.000  INFO tokio-runtime-worker sc_basic_authorship::basic_authorship: 🙌 Starting consensus session on top of parent 0xc86013185caf97eeb193ea62b31eb97b8499c120840aed1839cace6a70fbf9d1    
2024-04-05 12:00:12.002  INFO tokio-runtime-worker pallet_subtensor::pallet: Successfully ran block step.    
2024-04-05 12:00:12.003  INFO tokio-runtime-worker sc_basic_authorship::basic_authorship: 🎁 Prepared block for proposing at 1 (1 ms) [hash: 0x6e3a0dc940f3d457dcbfa2ed9a2699050dfc8df97bc4221d2c2682b859853d80; parent_hash: 0xc860…f9d1; extrinsics (1): [0x6baf…74e8]]    
2024-04-05 12:00:12.006  INFO tokio-runtime-worker aura: 🔖 Pre-sealed block for proposal at 1. Hash now 0xc4e953df6407793f228118c11adfedf2be39be63405f776071c78aac4602f49a, previously 0x6e3a0dc940f3d457dcbfa2ed9a2699050dfc8df97bc4221d2c2682b859853d80.    
2024-04-05 12:00:12.007  INFO tokio-runtime-worker substrate: ✨ Imported #1 (0xc4e9…f49a)    
2024-04-05 12:00:16.365  INFO tokio-runtime-worker substrate: 💤 Idle (1 peers), best: #1 (0xc4e9…f49a), finalized #0 (0xc860…f9d1), ⬇ 0.7kiB/s ⬆ 0.7kiB/s    
2024-04-05 12:00:21.365  INFO tokio-runtime-worker substrate: 💤 Idle (1 peers), best: #1 (0xc4e9…f49a), finalized #0 (0xc860…f9d1), ⬇ 0.7kiB/s ⬆ 0.7kiB/s    
2024-04-05 12:00:24.010  INFO tokio-runtime-worker pallet_subtensor::pallet: Successfully ran block step.    
2024-04-05 12:00:24.012  INFO tokio-runtime-worker substrate: ✨ Imported #2 (0x0f3d…c849)    
2024-04-05 12:00:26.365  INFO tokio-runtime-worker substrate: 💤 Idle (1 peers), best: #2 (0x0f3d…c849), finalized #0 (0xc860…f9d1), ⬇ 0.7kiB/s ⬆ 0.7kiB/s    
2024-04-05 12:00:31.365  INFO tokio-runtime-worker substrate: 💤 Idle (1 peers), best: #2 (0x0f3d…c849), finalized #0 (0xc860…f9d1), ⬇ 0.5kiB/s ⬆ 0.5kiB/s    
2024-04-05 12:00:36.001  INFO tokio-runtime-worker sc_basic_authorship::basic_authorship: 🙌 Starting consensus session on top of parent 0x0f3d5d92325c536f8acf6652fccd7b680d718e91cbd4a4ae17f716151a27c849    
2024-04-05 12:00:36.002  INFO tokio-runtime-worker pallet_subtensor::pallet: Successfully ran block step.    
2024-04-05 12:00:36.004  INFO tokio-runtime-worker sc_basic_authorship::basic_authorship: 🎁 Prepared block for proposing at 3 (1 ms) [hash: 0xa2489ecaa3015e4509d59a3ee3b76660fcfd74977d6519e8bfe229ae6dc31e51; parent_hash: 0x0f3d…c849; extrinsics (1): [0xe32f…5e72]]    
2024-04-05 12:00:36.006  INFO tokio-runtime-worker aura: 🔖 Pre-sealed block for proposal at 3. Hash now 0xb0512a2f3dc63c9b1b41f0b80f19d80592b643324024cd1c621a787fbf127f80, previously 0xa2489ecaa3015e4509d59a3ee3b76660fcfd74977d6519e8bfe229ae6dc31e51.    
2024-04-05 12:00:36.007  INFO tokio-runtime-worker substrate: ✨ Imported #3 (0xb051…7f80)    
2024-04-05 12:00:36.366  INFO tokio-runtime-worker substrate: 💤 Idle (1 peers), best: #3 (0xb051…7f80), finalized #0 (0xc860…f9d1), ⬇ 0.8kiB/s ⬆ 0.9kiB/s    
2024-04-05 12:00:41.366  INFO tokio-runtime-worker substrate: 💤 Idle (1 peers), best: #3 (0xb051…7f80), finalized #1 (0xc4e9…f49a), ⬇ 0.5kiB/s ⬆ 0.6kiB/s    
2024-04-05 12:00:46.366  INFO tokio-runtime-worker substrate: 💤 Idle (1 peers), best: #3 (0xb051…7f80), finalized #1 (0xc4e9…f49a), ⬇ 0.6kiB/s ⬆ 0.6kiB/s    
2024-04-05 12:00:48.011  INFO tokio-runtime-worker pallet_subtensor::pallet: Successfully ran block step.    
2024-04-05 12:00:48.012  INFO tokio-runtime-worker substrate: ✨ Imported #4 (0x8fd1…7df8)    
2024-04-05 12:00:51.367  INFO tokio-runtime-worker substrate: 💤 Idle (1 peers), best: #4 (0x8fd1…7df8), finalized #2 (0x0f3d…c849), ⬇ 0.7kiB/s ⬆ 0.7kiB/s    
2024-04-05 12:00:56.367  INFO tokio-runtime-worker substrate: 💤 Idle (1 peers), best: #4 (0x8fd1…7df8), finalized #2 (0x0f3d…c849), ⬇ 0.6kiB/s ⬆ 0.6kiB/s    
2024-04-05 12:01:00.001  INFO tokio-runtime-worker sc_basic_authorship::basic_authorship: 🙌 Starting consensus session on top of parent 0x8fd199663adadab1eaead55c40b0a21f64bccb28b612d5f91936ae4a90197df8    
2024-04-05 12:01:00.002  INFO tokio-runtime-worker pallet_subtensor::pallet: Successfully ran block step.    
2024-04-05 12:01:00.004  INFO tokio-runtime-worker sc_basic_authorship::basic_authorship: 🎁 Prepared block for proposing at 5 (0 ms) [hash: 0xf945dc269b84525c72eb6d8b155a5d7962be56e03ea92457335880783e1a7e3b; parent_hash: 0x8fd1…7df8; extrinsics (1): [0xb753…faab]]    
2024-04-05 12:01:00.007  INFO tokio-runtime-worker aura: 🔖 Pre-sealed block for proposal at 5. Hash now 0x1bff7e5c30e7e92dd0f7d80e287e8176b0ba713661e9c4a2414f2daa121aa615, previously 0xf945dc269b84525c72eb6d8b155a5d7962be56e03ea92457335880783e1a7e3b.    
2024-04-05 12:01:00.007  INFO tokio-runtime-worker substrate: ✨ Imported #5 (0x1bff…a615)    
2024-04-05 12:01:01.367  INFO tokio-runtime-worker substrate: 💤 Idle (1 peers), best: #5 (0x1bff…a615), finalized #2 (0x0f3d…c849), ⬇ 0.6kiB/s ⬆ 0.7kiB/s    
2024-04-05 12:01:06.368  INFO tokio-runtime-worker substrate: 💤 Idle (1 peers), best: #5 (0x1bff…a615), finalized #3 (0xb051…7f80), ⬇ 0.8kiB/s ⬆ 0.7kiB/s    
2024-04-05 12:01:11.368  INFO tokio-runtime-worker substrate: 💤 Idle (1 peers), best: #5 (0x1bff…a615), finalized #3 (0xb051…7f80), ⬇ 0.5kiB/s ⬆ 0.5kiB/s    
2024-04-05 12:01:12.011  INFO tokio-runtime-worker pallet_subtensor::pallet: Successfully ran block step.    
2024-04-05 12:01:12.012  INFO tokio-runtime-worker substrate: ✨ Imported #6 (0xee7a…2240)    
2024-04-05 12:01:16.368  INFO tokio-runtime-worker substrate: 💤 Idle (1 peers), best: #6 (0xee7a…2240), finalized #4 (0x8fd1…7df8), ⬇ 0.7kiB/s ⬆ 0.7kiB/s    
2024-04-05 12:01:21.368  INFO tokio-runtime-worker substrate: 💤 Idle (1 peers), best: #6 (0xee7a…2240), finalized #4 (0x8fd1…7df8), ⬇ 0.6kiB/s ⬆ 0.6kiB/s    
2024-04-05 12:01:24.001  INFO tokio-runtime-worker sc_basic_authorship::basic_authorship: 🙌 Starting consensus session on top of parent 0xee7a9ce1c7d04a67588d8b13e94398f69449d93b226e383b92b82d719de92240    
2024-04-05 12:01:24.002  INFO tokio-runtime-worker pallet_subtensor::pallet: Successfully ran block step.    
2024-04-05 12:01:24.003  INFO tokio-runtime-worker sc_basic_authorship::basic_authorship: 🎁 Prepared block for proposing at 7 (0 ms) [hash: 0x5df0a17e85cb5edfc63be5fc42a504db99aaf054943aceebaf29eb5e5c0b2260; parent_hash: 0xee7a…2240; extrinsics (1): [0xe0a7…9977]]    
2024-04-05 12:01:24.006  INFO tokio-runtime-worker aura: 🔖 Pre-sealed block for proposal at 7. Hash now 0x1d4c1d99642c25e6db2ac6b3211b44415ffa1af9bfda1675ae11abab62c77b25, previously 0x5df0a17e85cb5edfc63be5fc42a504db99aaf054943aceebaf29eb5e5c0b2260.    
2024-04-05 12:01:24.007  INFO tokio-runtime-worker substrate: ✨ Imported #7 (0x1d4c…7b25)    
2024-04-05 12:01:26.369  INFO tokio-runtime-worker substrate: 💤 Idle (1 peers), best: #7 (0x1d4c…7b25), finalized #5 (0x1bff…a615), ⬇ 0.7kiB/s ⬆ 0.7kiB/s    
2024-04-05 12:01:31.369  INFO tokio-runtime-worker substrate: 💤 Idle (1 peers), best: #7 (0x1d4c…7b25), finalized #5 (0x1bff…a615), ⬇ 0.5kiB/s ⬆ 0.5kiB/s    
2024-04-05 12:01:36.011  INFO tokio-runtime-worker pallet_subtensor::pallet: Successfully ran block step.    
2024-04-05 12:01:36.013  INFO tokio-runtime-worker substrate: ✨ Imported #8 (0x0da4…dcc9)    
2024-04-05 12:01:36.369  INFO tokio-runtime-worker substrate: 💤 Idle (1 peers), best: #8 (0x0da4…dcc9), finalized #5 (0x1bff…a615), ⬇ 0.8kiB/s ⬆ 0.7kiB/s    
2024-04-05 12:01:41.369  INFO tokio-runtime-worker substrate: 💤 Idle (1 peers), best: #8 (0x0da4…dcc9), finalized #6 (0xee7a…2240), ⬇ 0.6kiB/s ⬆ 0.5kiB/s    
2024-04-05 12:01:46.369  INFO tokio-runtime-worker substrate: 💤 Idle (1 peers), best: #8 (0x0da4…dcc9), finalized #6 (0xee7a…2240), ⬇ 0.6kiB/s ⬆ 0.6kiB/s    
2024-04-05 12:01:48.001  INFO tokio-runtime-worker sc_basic_authorship::basic_authorship: 🙌 Starting consensus session on top of parent 0x0da4cc8f4b1a4045cdfc7728765c80be9f67597e35c6a775ff0adc50f33cdcc9    
2024-04-05 12:01:48.003  INFO tokio-runtime-worker pallet_subtensor::pallet: Successfully ran block step.    
2024-04-05 12:01:48.004  INFO tokio-runtime-worker sc_basic_authorship::basic_authorship: 🎁 Prepared block for proposing at 9 (1 ms) [hash: 0xe9a88d79acb8d86e973e5ca274edffe04f751729988bfe52b8f2ca701b87667c; parent_hash: 0x0da4…dcc9; extrinsics (1): [0x5f80…4817]]    
2024-04-05 12:01:48.007  INFO tokio-runtime-worker aura: 🔖 Pre-sealed block for proposal at 9. Hash now 0xa1bf3aaa05fc26c093b3002553c0ed23d2b7855224193ba645e6b7eec0a39258, previously 0xe9a88d79acb8d86e973e5ca274edffe04f751729988bfe52b8f2ca701b87667c.    
2024-04-05 12:01:48.008  INFO tokio-runtime-worker substrate: ✨ Imported #9 (0xa1bf…9258)    
2024-04-05 12:01:51.370  INFO tokio-runtime-worker substrate: 💤 Idle (1 peers), best: #9 (0xa1bf…9258), finalized #7 (0x1d4c…7b25), ⬇ 0.7kiB/s ⬆ 0.7kiB/s    
